****                   ADMIXTURE Version 1.3.0                  ****
****                    Copyright 2008-2015                     ****
****           David Alexander, Suyash Shringarpure,            ****
****                John  Novembre, Ken Lange                   ****
****                                                            ****
****                 Please cite our paper!                     ****
****   Information at www.genetics.ucla.edu/software/admixture  ****

Cross-validation will be performed.  Folds=5.
Parallel execution requested.  Will use 1 threads.
Random seed: 43
Point estimation method: Block relaxation algorithm
Convergence acceleration algorithm: QuasiNewton, 3 secant conditions
Point estimation will terminate when objective function delta < 0.0001
Estimation of standard errors disabled; will compute point estimates only.
Size of G: 10x1325140
Performing five EM steps to prime main algorithm
1 (EM) 	Elapsed: 0.199	Loglikelihood: -1.48916e+06	(delta): 2.48068e+07
2 (EM) 	Elapsed: 0.204	Loglikelihood: -1.48916e+06	(delta): 0
3 (EM) 	Elapsed: 0.199	Loglikelihood: -1.48916e+06	(delta): 0
4 (EM) 	Elapsed: 0.202	Loglikelihood: -1.48916e+06	(delta): 0
5 (EM) 	Elapsed: 0.2	Loglikelihood: -1.48916e+06	(delta): 0
Initial loglikelihood: -1.48916e+06
Starting main algorithm
1 (QN/Block) 	Elapsed: 1.184	Loglikelihood: -1.48916e+06	(delta): 0
Summary: 
Converged in 1 iterations (2.899 sec)
Loglikelihood: -1489156.438030
CV error (K=1): 0.14199
Writing output files.
