****                   ADMIXTURE Version 1.3.0                  ****
****                    Copyright 2008-2015                     ****
****           David Alexander, Suyash Shringarpure,            ****
****                John  Novembre, Ken Lange                   ****
****                                                            ****
****                 Please cite our paper!                     ****
****   Information at www.genetics.ucla.edu/software/admixture  ****

Cross-validation will be performed.  Folds=5.
Parallel execution requested.  Will use 1 threads.
Random seed: 43
Point estimation method: Block relaxation algorithm
Convergence acceleration algorithm: QuasiNewton, 3 secant conditions
Point estimation will terminate when objective function delta < 0.0001
Estimation of standard errors disabled; will compute point estimates only.
Size of G: 10x1325140
Performing five EM steps to prime main algorithm
1 (EM) 	Elapsed: 0.313	Loglikelihood: -1.53301e+06	(delta): 2.07109e+07
2 (EM) 	Elapsed: 0.306	Loglikelihood: -1.45905e+06	(delta): 73957.1
3 (EM) 	Elapsed: 0.315	Loglikelihood: -1.43481e+06	(delta): 24243.8
4 (EM) 	Elapsed: 0.354	Loglikelihood: -1.42213e+06	(delta): 12679.5
5 (EM) 	Elapsed: 0.322	Loglikelihood: -1.41499e+06	(delta): 7138.56
Initial loglikelihood: -1.41499e+06
Starting main algorithm
1 (QN/Block) 	Elapsed: 1.641	Loglikelihood: -1.35887e+06	(delta): 56122.2
2 (QN/Block) 	Elapsed: 1.552	Loglikelihood: -1.30326e+06	(delta): 55603
3 (QN/Block) 	Elapsed: 2.354	Loglikelihood: -1.26527e+06	(delta): 37993.3
4 (QN/Block) 	Elapsed: 2.077	Loglikelihood: -1.25194e+06	(delta): 13334.9
5 (QN/Block) 	Elapsed: 2.051	Loglikelihood: -1.24758e+06	(delta): 4355.01
6 (QN/Block) 	Elapsed: 2.056	Loglikelihood: -1.24686e+06	(delta): 726.047
7 (QN/Block) 	Elapsed: 2.052	Loglikelihood: -1.24682e+06	(delta): 39.4379
8 (QN/Block) 	Elapsed: 2.251	Loglikelihood: -1.24681e+06	(delta): 4.2354
9 (QN/Block) 	Elapsed: 2.352	Loglikelihood: -1.24681e+06	(delta): 0.00355024
10 (QN/Block) 	Elapsed: 2.038	Loglikelihood: -1.24681e+06	(delta): 1.19163e-06
Summary: 
Converged in 10 iterations (23.856 sec)
Loglikelihood: -1246811.906167
Fst divergences between estimated populations: 
	Pop0	
Pop0	
Pop1	0.242	
CV error (K=2): 0.17170
Writing output files.
