****                   ADMIXTURE Version 1.3.0                  ****
****                    Copyright 2008-2015                     ****
****           David Alexander, Suyash Shringarpure,            ****
****                John  Novembre, Ken Lange                   ****
****                                                            ****
****                 Please cite our paper!                     ****
****   Information at www.genetics.ucla.edu/software/admixture  ****

Cross-validation will be performed.  Folds=5.
Parallel execution requested.  Will use 1 threads.
Random seed: 43
Point estimation method: Block relaxation algorithm
Convergence acceleration algorithm: QuasiNewton, 3 secant conditions
Point estimation will terminate when objective function delta < 0.0001
Estimation of standard errors disabled; will compute point estimates only.
Size of G: 10x1325140
Performing five EM steps to prime main algorithm
1 (EM) 	Elapsed: 0.393	Loglikelihood: -1.53291e+06	(delta): 1.93361e+07
2 (EM) 	Elapsed: 0.394	Loglikelihood: -1.44881e+06	(delta): 84101.9
3 (EM) 	Elapsed: 0.379	Loglikelihood: -1.41741e+06	(delta): 31392.8
4 (EM) 	Elapsed: 0.398	Loglikelihood: -1.3985e+06	(delta): 18916.4
5 (EM) 	Elapsed: 0.406	Loglikelihood: -1.38596e+06	(delta): 12539.9
Initial loglikelihood: -1.38596e+06
Starting main algorithm
1 (QN/Block) 	Elapsed: 2.087	Loglikelihood: -1.28602e+06	(delta): 99936.6
2 (QN/Block) 	Elapsed: 2.072	Loglikelihood: -1.24706e+06	(delta): 38957.8
3 (QN/Block) 	Elapsed: 2.901	Loglikelihood: -1.21702e+06	(delta): 30040.9
4 (QN/Block) 	Elapsed: 2.679	Loglikelihood: -1.18895e+06	(delta): 28075
5 (QN/Block) 	Elapsed: 2.827	Loglikelihood: -1.17221e+06	(delta): 16737.9
6 (QN/Block) 	Elapsed: 2.79	Loglikelihood: -1.14536e+06	(delta): 26851.4
7 (QN/Block) 	Elapsed: 2.877	Loglikelihood: -1.13636e+06	(delta): 8999.93
8 (QN/Block) 	Elapsed: 2.994	Loglikelihood: -1.13567e+06	(delta): 691.661
9 (QN/Block) 	Elapsed: 3.029	Loglikelihood: -1.13566e+06	(delta): 3.31505
10 (QN/Block) 	Elapsed: 2.955	Loglikelihood: -1.13566e+06	(delta): 0.0558371
11 (QN/Block) 	Elapsed: 2.577	Loglikelihood: -1.13566e+06	(delta): 1.35032e-05
Summary: 
Converged in 11 iterations (33.952 sec)
Loglikelihood: -1135663.017953
Fst divergences between estimated populations: 
	Pop0	Pop1	
Pop0	
Pop1	0.279	
Pop2	0.304	0.183	
CV error (K=3): 0.24962
Writing output files.
