PLINK v1.90b6.24 64-bit (6 Jun 2021)
Options in effect:
  --allow-extra-chr
  --bfile finwhale
  --maf 0.05
  --out finwhale_pca
  --pca

Hostname: login2
Working directory: /u/project/klohmuel/daguilar/CursoGenomica
Start time: Sat Dec  6 07:24:04 2025

Random number seed: 1765034644
48300 MB RAM detected; reserving 24150 MB for main workspace.
Allocated 3222 MB successfully, after larger attempt(s) failed.
1325140 variants loaded from .bim file.
10 people (0 males, 0 females, 10 ambiguous) loaded from .fam.
Ambiguous sex IDs written to finwhale_pca.nosex .
Using up to 11 threads (change this with --threads).
Before main variant filters, 10 founders and 0 nonfounders present.
Calculating allele frequencies... done.
Total genotyping rate is 0.992468.
1141686 variants removed due to minor allele threshold(s)
(--maf/--max-maf/--mac/--max-mac).
183454 variants and 10 people pass filters and QC.
Note: No phenotypes present.
Relationship matrix calculation complete.
Warning: calculating 10 PCs, since there are only 10 samples.
--pca: Results saved to finwhale_pca.eigenval and finwhale_pca.eigenvec .

End time: Sat Dec  6 07:24:04 2025
